20241011	21:18:45	3222513c-c956-44ce-b89d-4677efcea2e0	GET	/	undefined
20241011	21:18:45	ca9d664f-a221-4486-aa29-767d6afe50e6	GET	/css/style.css	undefined
20241011	21:45:54	67e5f43b-935e-4543-bb6e-804ff1065d35	OPTIONS	/	https://www.google.com
20241011	21:45:54	2cd99853-db0a-4458-853c-0b6fd814d164	GET	/	https://www.google.com
20241011	21:46:33	37537e80-1dde-4d9c-948b-7333767fd302	OPTIONS	/	https://www.google.com
20241011	21:46:33	ffca99ec-d879-4477-ba34-e118be9b8e48	GET	/	https://www.google.com
20241012	11:19:35	cb76189a-b9a6-4e73-b0b1-7a0f595eedec	GET	/users	undefined
20241012	11:20:19	30fe2d2b-fb71-4a91-a28a-400cfde5b002	GET	/users	undefined
20241012	11:23:41	4514d4e7-4956-4b55-8f2c-ed520bb74ce0	GET	/users	undefined
20241012	11:29:45	5bb185a2-750b-41ef-9cd2-5141f10afe11	GET	/users	undefined
20241012	11:30:24	88fa3fe4-c857-4e81-8813-bf4332888044	GET	/users	undefined
20241012	11:32:59	0b34118a-ee56-4912-b089-f78a591cb86b	POST	/users	undefined
20241012	11:36:30	4b0f501d-12f2-4cac-b652-85c4aaf8a8fe	POST	/users	undefined
20241012	11:39:41	f290202f-2546-4215-a3d4-26e8d4094a85	POST	/users	undefined
20241012	11:39:49	f23a2492-7ff2-4bc0-b5e7-fbe927608d60	GET	/users	undefined
20241012	11:43:24	ae58c2d0-6cc2-4114-aeef-6771c34b26ca	POST	/users	undefined
20241012	11:43:50	1c762712-dd9a-44e1-8a99-e91d3aacf331	POST	/users	undefined
20241012	11:44:32	a1209cf3-bbbc-4192-939c-20337d890808	POST	/users	undefined
20241012	11:44:41	a00bf702-e77a-43f6-a7a8-2b6c7a7238f5	POST	/users	undefined
20241012	11:44:52	11a1870f-11f9-48c1-b45c-68f0aa0e8484	POST	/users	undefined
20241012	11:45:00	bede76fa-f19f-49fb-9bb5-3617302ae438	POST	/users	undefined
20241012	11:45:25	c25f99df-cf03-44d5-a71a-27f4f6ebd179	POST	/users	undefined
20241012	11:47:48	2f7358e8-b776-4d29-8661-892d7809c7a3	GET	/users	undefined
20241012	11:48:24	2df64b07-ac5c-459e-bd5c-fb34bf129b98	PATCH	/users	undefined
20241012	11:48:37	7dd3e3bf-92c3-4a37-9e9c-79bc04e7f031	PATCH	/users	undefined
20241012	11:48:49	e59d993e-aae9-4018-aa01-f0bcc2559829	PATCH	/users	undefined
20241012	11:49:09	f2512ec1-bfab-43d2-b602-c1b87d598873	PATCH	/users	undefined
20241012	11:49:11	c58e902b-f2fa-40c4-ae99-06fe03801ac9	PATCH	/users	undefined
20241012	11:55:53	c84e192b-86ca-4558-81b1-88e31ed06b8a	PATCH	/users	undefined
20241012	11:56:12	4a9efbe2-2567-4de5-8ff3-3d9444440c64	PATCH	/users	undefined
20241012	11:56:13	65a66aef-13de-4ee8-a606-31520fe0a560	PATCH	/users	undefined
20241012	11:56:47	f8611e6e-6e17-48e2-b2d4-04eb0542f2db	GET	/users	undefined
20241012	11:57:02	166c6780-8c43-48e0-93b7-95a0d5d4396f	GET	/users	undefined
20241012	11:57:11	4f39e6d4-8dae-4b49-b076-e0d6c4232bb3	PATCH	/users	undefined
20241012	11:57:12	f8fa15e8-5ead-4dcd-a83c-4e8e89151941	PATCH	/users	undefined
20241012	11:57:31	16fe1a54-d2ff-4db7-8c5d-9b615dca8483	PATCH	/users	undefined
20241012	11:58:35	514bf247-6180-4f34-a9d4-818e6dbf8ea8	PATCH	/users	undefined
20241012	11:58:49	e87b8d7d-c4df-49d4-b7d5-4c5f2a7002b2	PATCH	/users	undefined
20241012	11:59:14	cded3ad7-3547-458b-95db-b6835df139fe	GET	/users	undefined
20241012	12:00:14	834f0603-65fb-4597-8c4e-92f98539bceb	POST	/users	undefined
20241012	12:00:21	acaeb1f9-c251-407d-932c-9c5f7a648c74	POST	/users	undefined
20241012	12:00:44	9a079119-aece-4ae8-b5e9-fa4f980536f5	POST	/users	undefined
20241012	12:00:48	a3f91ce0-8897-4b1f-a901-d6e3cd7da590	POST	/users	undefined
20241012	12:00:54	9ec01b33-3692-4f47-9cd5-e921b0035a0d	GET	/users	undefined
20241012	12:01:46	29e7f07f-ce4b-4b50-a346-c5a790185391	PATCH	/users	undefined
20241012	12:01:56	f0ae21f4-1322-4e04-a733-0de6a33c9445	PATCH	/users	undefined
20241012	12:05:24	cf3e8e69-ce07-4fb3-8a49-fd8a166b2fc7	DELETE	/users	undefined
20241012	12:05:33	7eccabd5-026b-4f04-a811-2fc7afac4a83	DELETE	/users	undefined
20241012	12:05:46	22dcefca-eeac-4c85-8b6a-f4df77a7f732	DELETE	/users	undefined
20241012	12:05:57	29f2c7a9-4b2c-45da-babc-7ef387fc8034	GET	/users	undefined
20241012	12:08:43	bf989a73-50ac-4d61-b5ec-bbf9a799697a	DELETE	/users	undefined
20241012	12:08:50	75598826-353b-4972-a4ef-9192ac9df2b4	GET	/users	undefined
20241013	13:38:37	f3bb0588-7883-4b5c-8c63-7c30bfcc1e9b	POST	/users	undefined
20241013	13:39:54	c4b253d0-4d34-4fc8-9583-78119acd2cb9	POST	/users	undefined
20241013	13:40:50	8308bb1d-4fca-4071-8372-c489569cab08	POST	/users	undefined
20241013	13:42:37	1830edd3-fd7c-4d1c-b36a-fee731fa5223	POST	/notes	undefined
20241013	13:43:17	8b68f7b5-0488-4d71-9d83-cbdae4d27121	POST	/notes	undefined
20241013	13:44:58	3077df19-18a9-49d5-b186-b48b7e9d69df	GET	/notes	http://localhost:5173
20241013	13:45:00	33090026-06a1-4ae8-9c85-050e886120d1	GET	/users	http://localhost:5173
20241015	18:54:52	f7ffa4e6-e8f5-4907-8818-735544a77503	GET	/notes	http://localhost:5173
20241015	18:54:52	ce318c28-649c-49e8-b539-57509aaad1ae	GET	/users	http://localhost:5173
20241015	18:55:41	4c351d04-f5d0-4f0b-b6db-ee8aca1bb376	OPTIONS	/users	http://localhost:5173
20241015	18:55:41	8967e21a-fc63-44d5-b1e7-6a03983f9a96	POST	/users	http://localhost:5173
20241015	18:55:42	72e2fc8d-c069-41aa-b362-7f49c1d9b3dc	GET	/users	http://localhost:5173
20241015	18:55:44	76f2b713-6569-45eb-91f7-003f8c5393e7	GET	/users	http://localhost:5173
20241015	18:55:55	18dddd89-fb92-4b4b-817d-56011666d3bc	GET	/users	http://localhost:5173
20241015	18:55:55	f56aa942-e196-4ba8-9e71-4f566af3021c	GET	/users	http://localhost:5173
20241015	18:55:55	8276153c-ce72-4811-9124-f3ba0f43ba76	GET	/notes	http://localhost:5173
20241015	18:55:57	b0d1dc4e-b936-42f1-9ae4-4175b538624f	GET	/users	http://localhost:5173
20241015	18:55:57	56ba13fd-f8fc-44f9-a84d-ef8535187577	GET	/notes	http://localhost:5173
20241015	18:56:19	51b4942c-338a-4b5a-8037-4ba00e6cc433	OPTIONS	/notes	http://localhost:5173
20241015	18:56:19	49bad1cb-ad70-40d3-9269-5b5c1c5b8d91	POST	/notes	http://localhost:5173
20241015	18:56:20	b7022674-3ca0-4400-8b30-653b70c369cc	GET	/notes	http://localhost:5173
20241015	18:56:30	99d46339-8490-4d02-8933-d3140e89f605	OPTIONS	/notes	http://localhost:5173
20241015	18:56:30	8c39a04b-51a2-4d4f-9afd-a3227eb555be	PATCH	/notes	http://localhost:5173
20241015	18:56:30	d86c7c14-a3a8-4983-ace8-98c02a0b8987	GET	/notes	http://localhost:5173
20241015	18:56:46	c43d45e7-d0fa-42e1-a05c-a9d0c80ec4ab	GET	/notes	http://localhost:5173
20241015	18:57:02	930eb0a9-6521-43c1-9e74-1696799a7c36	GET	/notes	http://localhost:5173
20241015	18:57:14	ddc337be-f15b-451b-93c8-a57cf6e3a2db	GET	/notes	http://localhost:5173
20241015	20:18:11	56bc587d-1579-4605-836d-feddd94d2146	GET	/auth	undefined
20241015	20:18:16	61cb66f0-2ee9-4315-9d86-25ca0dbaceaf	GET	/auth	undefined
20241015	20:19:13	874456e5-9fc6-4d72-af01-dfbf085c50c6	GET	/auth	undefined
20241015	20:20:30	c4be80aa-14d1-490c-86a9-0b12c3f43379	GET	/users	undefined
20241015	20:20:40	d991c53c-145b-4b0d-80e9-fffcba14158a	GET	/users	undefined
20241015	20:20:54	fae372e7-5717-46b6-831e-2d4124afeb79	GET	/users	undefined
20241015	20:20:58	4d923aca-9b7c-495b-b3b2-d098e2cf0cd6	GET	/users	undefined
20241015	20:21:30	023fc372-0a09-4c12-ab9d-44d43087d407	GET	/users	undefined
20241015	20:22:14	9c129f4d-c6ae-4eaf-adfb-107d1c4ccab0	POST	/auth	undefined
20241015	20:22:26	0c5ab7aa-3e2b-42bf-8090-13d3e8de6039	POST	/auth	undefined
20241015	20:24:05	e10e5f9c-afda-4ade-ad5b-81dd184ccec8	POST	/auth	undefined
20241015	20:24:06	307921eb-840b-478f-ad06-ed34e048f71b	POST	/auth	undefined
20241015	20:26:08	fdababb2-68a7-41f6-9fc5-9877674c7be9	GET	/notes	http://localhost:5173
20241015	20:26:08	03b0b186-4d58-42c2-a368-fe0282158827	GET	/users	http://localhost:5173
20241015	20:26:40	83ae5156-03ba-47c6-9e08-0d1b07cf81a9	OPTIONS	/users	http://localhost:5173
20241015	20:26:40	5fa7168c-31c3-4931-b665-10bd22ce9975	POST	/users	http://localhost:5173
20241015	20:26:40	75b1ced2-7af2-44a4-a4bd-9aec79be483d	GET	/users	http://localhost:5173
20241015	20:26:52	de572819-eaaa-47e1-b557-2132c4e91aa8	OPTIONS	/users	http://localhost:5173
20241015	20:26:52	14384334-77e1-43e8-bdcc-c68e7caf306d	POST	/users	http://localhost:5173
20241015	20:26:52	221ba1bd-6a6e-4f29-820e-5cd4c691f0b3	GET	/users	http://localhost:5173
20241015	20:27:01	17f0110c-97b7-47c1-96b0-f1525bfc488c	GET	/notes	http://localhost:5173
20241015	20:27:01	f7ed2c2c-a593-4303-9be5-cf394b2d3d70	GET	/users	http://localhost:5173
20241015	20:33:19	7e7598fd-15ad-42d1-827a-c4b4a423224c	POST	/users	undefined
20241015	20:34:03	99ef11e8-1f2f-4c29-819f-abb297b37134	POST	/auth	undefined
20241015	20:34:09	7879f930-da6a-428c-97b5-29c5194227ba	POST	/auth	undefined
20241015	20:35:47	275ddb5a-faf2-4996-b422-ddfc667a1a85	GET	/refresh	undefined
20241015	20:36:14	f01af03b-476b-47aa-9850-d614c1807583	GET	/auth/refresh	undefined
20241015	20:40:33	87755bbb-1a80-4e98-8c13-29fbb3988858	GET	/auth/refresh	undefined
20241015	20:40:41	6a1754dc-3c23-49cd-9735-d1ffd758c021	POST	/auth	undefined
20241015	20:41:08	fd64277e-96b9-421d-af0c-a0ccdbe6af6a	GET	/auth/refresh	undefined
20241015	20:41:22	a06a44fe-0573-4abe-923e-9ac26cc828db	GET	/auth/refresh	undefined
20241015	20:41:39	56179532-23a2-4d39-8645-9b9247d156c6	GET	/auth/logout	undefined
20241015	20:41:57	6635b8b5-9eff-4186-b51f-ec36726e7175	POST	/auth/logout	undefined
20241015	20:43:50	48c570bb-2ac6-401a-ae9d-393c4b41c776	POST	/auth	undefined
20241015	20:44:20	c0ada18c-6150-469b-ada9-fc53aad620df	POST	/notes	undefined
20241015	20:44:50	3ec992af-4425-4788-bd43-234cfa05b03f	GET	/notes	undefined
20241015	20:45:01	cc2cc949-6bfe-4bc0-97c6-88f047516415	GET	/users	undefined
20241015	20:45:06	c9d684d6-154e-47fd-b1bb-a17b76b49cc9	GET	/notes	undefined
20241016	09:02:25	d3aa2641-5b61-4055-91bf-991e1607f108	OPTIONS	/auth	http://localhost:5173
20241016	09:02:25	60b4e827-b7f6-4c3e-bff6-c1621ab14dcd	POST	/auth	http://localhost:5173
20241016	09:02:25	d7ca24ff-3465-4db5-9378-3b34597bcd20	GET	/notes	http://localhost:5173
20241016	09:02:25	806670f6-4f49-4fff-8b6b-49cc88f9a995	GET	/users	http://localhost:5173
20241016	09:02:33	1cb51ddb-95f1-40f1-8880-2308bfa48148	GET	/users	http://localhost:5173
20241016	09:02:38	96e8120b-eed8-4a0a-8864-771b636baaa2	GET	/notes	http://localhost:5173
20241016	09:02:40	aa2caf01-8fc3-4fba-ae58-c942cce3863e	GET	/users	http://localhost:5173
20241016	09:03:09	05ebad31-51e0-48cd-9ea5-98a0167daf08	GET	/notes	http://localhost:5173
20241016	09:06:02	f54f87d0-5dd9-47da-8f29-c0d5c246f9e6	GET	/notes	http://localhost:5173
20241016	09:06:18	fa15814d-bc47-450c-92f4-7075ee759980	GET	/notes	http://localhost:5173
20241016	09:06:34	d80dd376-d50b-4876-955a-3776d822eb0b	GET	/notes	http://localhost:5173
20241016	09:06:50	5be02b8a-e597-40e9-a174-93831713d83c	GET	/notes	http://localhost:5173
20241016	09:07:32	c49b37c1-1de5-426b-8506-33e9d0df161b	OPTIONS	/auth	http://localhost:5173
20241016	09:07:32	79e1d319-722d-441e-afd9-3bc5f8d91ecb	POST	/auth	http://localhost:5173
20241016	09:07:32	411b1edf-dd4f-4743-ae28-d70b7a41ff39	GET	/notes	http://localhost:5173
20241016	09:07:32	04f39c5d-a29c-454a-b8d9-f2eff7178b87	GET	/users	http://localhost:5173
20241016	09:07:36	bfe40fdc-f08d-48bf-a89c-bd11def2f623	GET	/notes	http://localhost:5173
20241016	09:07:43	e891be69-60f6-4ecb-bcf2-b2d0ef04043b	GET	/users	http://localhost:5173
20241016	09:07:51	8424cf27-a9fb-4bbc-86a4-5fcf96a09e45	POST	/auth/logout	http://localhost:5173
20241016	09:07:53	da47d640-a974-4b9f-ac48-83490609f58b	POST	/auth/logout	http://localhost:5173
20241016	20:20:54	41fbea62-a18f-4f71-aaa4-2b59ed41378f	OPTIONS	/auth	http://localhost:5173
20241016	20:20:54	8b7db6f7-7ef9-4fc4-a29d-0a56d53c8268	POST	/auth	http://localhost:5173
20241016	20:20:54	6b950170-6c9c-4147-806c-17d56aa50fa7	OPTIONS	/notes	http://localhost:5173
20241016	20:20:54	c98ad6f1-c311-48cf-b124-68e5e34f81ab	OPTIONS	/users	http://localhost:5173
20241016	20:20:54	b797a6d2-b984-43bd-b24f-420b208c26d0	GET	/notes	http://localhost:5173
20241016	20:20:54	9e175df0-c117-446c-9296-b678dbceda3b	GET	/users	http://localhost:5173
20241016	20:20:57	8701b674-17c1-4be0-a0b4-74fd91e73a55	GET	/notes	http://localhost:5173
20241016	20:20:58	8cd2c3ce-7d5b-41db-a8a5-74f60bec2b39	GET	/notes	http://localhost:5173
20241016	20:21:05	667427cc-97da-41fe-9432-36320cd82db5	OPTIONS	/auth/logout	http://localhost:5173
20241016	20:21:05	6ff390b5-0af7-4368-935c-f58848a64a8b	POST	/auth/logout	http://localhost:5173
20241016	20:21:05	28b49fda-f80b-40e6-8701-c8d7a2a52073	GET	/notes	http://localhost:5173
20241016	20:23:50	0f863cf3-c600-4e85-a9ae-cdd6efd233a8	OPTIONS	/auth	http://localhost:5173
20241016	20:23:50	c07c7234-a241-4a39-8a73-49f8755acdd0	POST	/auth	http://localhost:5173
20241016	20:23:50	19d1f5c1-971c-4b74-8473-737456c90b50	OPTIONS	/notes	http://localhost:5173
20241016	20:23:50	ac4e033c-16df-4b2c-ab86-1f7e05ba04cb	OPTIONS	/users	http://localhost:5173
20241016	20:23:50	6f10db56-a6e1-4d03-a1b9-d7d73b8eb258	GET	/notes	http://localhost:5173
20241016	20:23:50	9f4d32a4-967f-41b0-9d33-6a71dfb46ddf	GET	/users	http://localhost:5173
20241016	20:23:51	2d023a36-2d3f-4161-b035-da51bc19e6e2	GET	/notes	http://localhost:5173
20241016	20:23:58	fa445824-7144-4d4c-a6be-4dcf8fbbb7e8	OPTIONS	/users	http://localhost:5173
20241016	20:23:58	bfe67637-011b-4fb5-86f5-48496b54448b	GET	/users	http://localhost:5173
20241016	20:24:19	bb2fc626-5060-4e7c-8f16-19d7ff2900d2	OPTIONS	/notes	http://localhost:5173
20241016	20:24:19	146be05a-7929-4759-88af-8131801358df	POST	/notes	http://localhost:5173
20241016	20:24:19	fd653b89-b39a-4d1b-9f92-a17ce8270097	GET	/notes	http://localhost:5173
20241016	20:24:30	5a5ca2b0-9da7-4e86-810c-efbd8229a502	OPTIONS	/auth/logout	http://localhost:5173
20241016	20:24:30	4ce8c92d-e464-415b-9afb-64812154772a	POST	/auth/logout	http://localhost:5173
20241016	20:26:06	764d2d19-270f-4915-99f0-03717cf70db9	OPTIONS	/auth	http://localhost:5173
20241016	20:26:06	199b6a9a-39b0-4daf-93f2-8cc758bdb777	POST	/auth	http://localhost:5173
20241016	20:26:06	b480fac2-af85-4780-aafd-5be7e78d3c7e	OPTIONS	/notes	http://localhost:5173
20241016	20:26:06	a104e2b9-2b78-4c4d-a635-1b18407ae25c	GET	/notes	http://localhost:5173
20241016	20:26:06	336fc22a-1edf-48b3-a874-3d6bd7ae2c0d	OPTIONS	/users	http://localhost:5173
20241016	20:26:06	d687a595-fd76-4758-b199-88499219f48e	GET	/users	http://localhost:5173
20241016	20:26:08	c9cca17b-55b2-42c8-80fd-65794951061f	GET	/notes	http://localhost:5173
20241016	20:26:23	17338171-d6f2-4e34-aed6-71150fb10c36	OPTIONS	/notes	http://localhost:5173
20241016	20:26:23	5a5ff41c-682d-40a3-813b-77b4986929cd	GET	/notes	http://localhost:5173
20241016	20:26:34	fb3c9ee5-3d51-4264-8f83-27bd00f97212	OPTIONS	/notes	http://localhost:5173
20241016	20:26:34	285a268a-2615-45af-841b-0697c9b18a60	GET	/notes	http://localhost:5173
20241016	20:26:49	9bbc9b2a-e3a8-4c18-babc-3bce6e6c0bcf	OPTIONS	/notes	http://localhost:5173
20241016	20:26:49	45d0b8d8-3fbd-4261-8c12-2cbd24db8610	GET	/notes	http://localhost:5173
20241016	20:27:00	b8d00a99-8447-450e-8acc-478f9570f916	OPTIONS	/notes	http://localhost:5173
20241016	20:27:00	00ee054d-29e1-4716-aa03-804c136beffd	GET	/notes	http://localhost:5173
20241016	20:27:02	75f15d69-9310-46cd-bc66-61a766de10c1	OPTIONS	/auth/logout	http://localhost:5173
20241016	20:27:02	2e0d16ff-f022-4e88-9c31-d2569bb551bf	POST	/auth/logout	http://localhost:5173
20241016	20:27:02	f2ab05d8-9aeb-4e2f-a402-abc59f0eb1dd	GET	/notes	http://localhost:5173
20241017	00:02:58	da66c29a-b937-4213-8216-83aa642493c4	OPTIONS	/auth	http://localhost:5173
20241017	00:02:58	94168a7b-4fac-42a5-8169-0f9d1643ee81	POST	/auth	http://localhost:5173
20241017	00:02:59	25af4655-44b5-4a78-8eb9-e6c5ad8a8128	OPTIONS	/notes	http://localhost:5173
20241017	00:02:59	fd0d8daa-0404-49ab-8114-bca78c5bcfc6	OPTIONS	/users	http://localhost:5173
20241017	00:02:59	b1855025-1f78-4304-ae9d-270b41140243	GET	/notes	http://localhost:5173
20241017	00:02:59	66ee4178-044a-481d-8bfe-47df0cc7069f	GET	/users	http://localhost:5173
20241017	00:03:00	01f23d4b-a078-4f95-8801-1f11b6bf2dbb	GET	/users	http://localhost:5173
20241017	00:03:02	471eb85d-3aaa-47b0-b447-f0cf0b7e0fd1	GET	/notes	http://localhost:5173
20241017	00:03:02	24baadd1-9cc8-4471-ad65-dbc5eb6f9786	GET	/users	http://localhost:5173
20241017	00:03:06	2532c73b-6d90-49b2-a62d-bcd407092abe	GET	/notes	http://localhost:5173
20241017	00:03:06	bf84a036-abee-4b0a-903a-58fb79123476	GET	/users	http://localhost:5173
20241017	00:04:33	fa8d9df3-c99e-40c3-ac69-33c1fbc28351	OPTIONS	/auth	http://localhost:5173
20241017	00:04:33	d723aac3-0ea3-410d-b4ad-1453dddc771a	POST	/auth	http://localhost:5173
20241017	00:04:33	517162ac-f632-4495-9471-9ee1a6d31d36	OPTIONS	/notes	http://localhost:5173
20241017	00:04:33	a20a050f-e14b-46d1-a67e-8835536792a1	OPTIONS	/users	http://localhost:5173
20241017	00:04:33	cc09a295-3af0-4645-8811-3cdc6c623fa6	GET	/notes	http://localhost:5173
20241017	00:04:33	cd07467c-1224-4a9f-afc2-18f1d57ff37f	GET	/users	http://localhost:5173
20241017	00:04:42	a99c4182-3856-4a34-bfa0-5aa736c86146	GET	/notes	http://localhost:5173
20241017	00:04:42	4a345e3b-d8ba-4ada-8ce7-06c8700257fe	GET	/users	http://localhost:5173
20241017	00:05:43	e6eddfc0-512a-4124-8554-95cfc0298297	OPTIONS	/auth	http://localhost:5173
20241017	00:05:43	2fa5522c-fb56-4864-bc95-2dcabb359de8	POST	/auth	http://localhost:5173
20241017	00:05:44	1fb2f4d7-feee-4c41-ab02-34596a1cf504	OPTIONS	/notes	http://localhost:5173
20241017	00:05:44	dccf19fd-d1b6-478b-a5e6-4308c00b0dce	OPTIONS	/users	http://localhost:5173
20241017	00:05:44	3e1b0f4d-3a86-47ee-8df9-62d0367ddd8c	GET	/notes	http://localhost:5173
20241017	00:05:44	bdbada0b-0f1c-4c05-87eb-6c6d5e94a798	GET	/users	http://localhost:5173
20241017	00:05:57	2cd0b015-823a-40a7-8c31-21afda169e53	OPTIONS	/notes	http://localhost:5173
20241017	00:05:57	789f7f58-5fff-497c-861a-7dfa98e28ee2	GET	/notes	http://localhost:5173
20241017	00:05:58	8842c22b-fe33-4024-8fc5-4d13cd3e7a06	GET	/users	http://localhost:5173
20241017	00:05:58	7a480a8c-24be-472b-9d7f-f858d04cb16a	GET	/notes	http://localhost:5173
20241017	00:06:08	c0a68caf-6464-4eaa-8a44-dd071fc00526	GET	/notes	undefined
20241017	00:06:08	d6b2e88a-ff6d-47a9-9530-118b64d5f7c9	GET	/favicon.ico	undefined
20241017	00:08:43	f0836bc8-9103-4aeb-9ea8-5fb10cff3880	OPTIONS	/auth	http://localhost:5173
20241017	00:08:43	e60c9624-2eb4-4e9f-9dcc-77b7b9aefaf3	POST	/auth	http://localhost:5173
20241017	00:08:43	bafcb723-431d-41b2-902e-5ae1e42ca013	OPTIONS	/notes	http://localhost:5173
20241017	00:08:43	e5bf6ebd-7135-460b-82fd-c4d7ad24e468	OPTIONS	/users	http://localhost:5173
20241017	00:08:43	bca65e38-d3dd-48a7-b9f0-f3789889cb7f	GET	/notes	http://localhost:5173
20241017	00:08:43	d7f27859-6d0e-4623-86d8-bf73d4562de3	GET	/users	http://localhost:5173
20241017	00:08:45	e6a544f4-4470-4cbf-a710-260027c4ce57	GET	/notes	http://localhost:5173
20241017	00:08:47	1f67ed10-2239-4730-a02c-390ddad7af42	GET	/notes	http://localhost:5173
20241017	00:08:47	a9122c11-3cf7-42c7-9a04-587fe67b3299	GET	/users	http://localhost:5173
20241017	00:08:54	d56d87e6-fb5d-4021-8586-f759386e4db5	GET	/notes	http://localhost:5173
20241017	00:08:54	90db31b2-573e-4174-8768-a6219659a728	GET	/users	http://localhost:5173
20241017	00:35:51	02389bcf-1070-41c7-99d5-b3f49423d4a6	OPTIONS	/auth	http://localhost:5173
20241017	00:35:51	19cc0bdb-0a7a-45c2-bd47-9fd6c739ce7a	POST	/auth	http://localhost:5173
20241017	00:35:52	396ac065-13bb-4e2b-aa53-39043a3cc087	OPTIONS	/notes	http://localhost:5173
20241017	00:35:52	7bcc88eb-6b05-47c7-8e1d-cae814c8f97f	OPTIONS	/users	http://localhost:5173
20241017	00:35:52	aa41f476-d9e2-47e5-a043-0901c9599ade	GET	/notes	http://localhost:5173
20241017	00:35:52	69354747-8bc6-4b35-88f0-362fc4f5b270	GET	/users	http://localhost:5173
20241017	00:36:42	b4c533ad-5bf6-49e4-8a4f-26ec289bb7e6	OPTIONS	/notes	http://localhost:5173
20241017	00:36:42	4384372f-35d3-4bb5-983a-34bde7e28497	GET	/notes	http://localhost:5173
20241017	00:37:20	031b8b54-59bf-42f9-a192-f0829780cff2	OPTIONS	/notes	http://localhost:5173
20241017	00:37:20	dea6ca22-d371-44a0-a38b-15f7ff43adeb	GET	/notes	http://localhost:5173
20241017	00:37:54	ee3fbbb1-3b66-4a1f-9771-9f1c09b3b608	OPTIONS	/auth	http://localhost:5173
20241017	00:37:54	ab93947c-8070-46f3-af0d-dd8a93258726	POST	/auth	http://localhost:5173
20241017	00:37:54	afc8e275-0797-4e40-af05-ea87c3f49f65	OPTIONS	/notes	http://localhost:5173
20241017	00:37:54	ef5eec15-938a-473f-8b05-b0c216aecd9c	OPTIONS	/users	http://localhost:5173
20241017	00:37:54	6532c2af-6844-4f72-8f23-e20c54b79e11	GET	/notes	http://localhost:5173
20241017	00:37:54	e5c9f45a-db0e-49c2-8a6f-6ba0ef5034b4	GET	/users	http://localhost:5173
20241017	00:37:55	95c5063e-a75d-44a6-abfb-ad249e3816e8	GET	/notes	http://localhost:5173
20241017	00:37:57	6db71297-70ce-44f6-8eed-5dd93b52f8de	GET	/notes	http://localhost:5173
20241017	00:37:57	4520906e-57c5-462d-84e2-a805d0727b9c	GET	/users	http://localhost:5173
20241017	00:38:38	c8a44cfe-dfe2-4e21-88af-33be32e5939f	GET	/notes	http://localhost:5173
20241017	00:38:38	33db6874-3701-495a-8ab6-dd929b3c09cf	GET	/users	http://localhost:5173
20241017	00:46:34	4f02f580-78dd-42c0-8a58-368dc7627f3e	OPTIONS	/auth	http://localhost:5173
20241017	00:46:34	994a2c45-b41f-4fe0-8267-2b0279a5a4b0	POST	/auth	http://localhost:5173
20241017	00:46:34	6a1fd9d2-a55c-4705-90c6-ebac3c0f9bc1	OPTIONS	/notes	http://localhost:5173
20241017	00:46:34	4bba2e6e-4586-4a73-ac22-1969562f9170	OPTIONS	/users	http://localhost:5173
20241017	00:46:34	44f21a03-7b73-4b3c-9c49-db66dc51c2c0	GET	/notes	http://localhost:5173
20241017	00:46:34	75cd55e8-d7d0-487b-b902-693d007703f3	GET	/users	http://localhost:5173
20241017	00:46:36	34fb304e-df06-4024-8189-d93944c8703e	GET	/notes	http://localhost:5173
20241017	00:46:40	db018528-0195-4489-85df-028974210675	GET	/notes	http://localhost:5173
20241017	00:46:40	c933449a-5977-4f67-829e-dd1ce59aa865	GET	/users	http://localhost:5173
20241017	00:46:58	b1cb6f90-5cdc-4589-ad25-4d3c7e7ca16b	GET	/notes	http://localhost:5173
20241017	00:46:58	4de1b791-9afd-4b19-a892-6491087c92ff	GET	/users	http://localhost:5173
20241017	00:46:59	47a49a0f-b502-49f0-a3a2-7e30ea08e26c	GET	/notes	http://localhost:5173
20241017	00:46:59	ae4da8b2-7ebe-4f3a-84f8-5554d8cc181b	GET	/users	http://localhost:5173
20241017	00:47:45	0d648b3f-2320-47f2-a280-bc2963a029f1	GET	/auth/refresh	http://localhost:5173
20241017	00:47:45	37ce02a0-3cee-49d2-b9e4-0cc06506236e	OPTIONS	/notes	http://localhost:5173
20241017	00:47:45	d244ddb2-602b-451b-a5c3-ebfc40c6530c	GET	/notes	http://localhost:5173
20241017	00:47:50	79284b88-982d-42a7-9d1c-4ce0cadedd0a	GET	/notes	http://localhost:5173
20241017	00:47:50	e773bbf5-e1b0-4fb1-925c-64e45d3b95ab	GET	/users	http://localhost:5173
20241017	00:49:02	ab47b4a4-db30-44bb-ab62-86010e2d910f	GET	/notes	http://localhost:5173
20241017	00:49:02	132cd45e-2c71-422e-a26f-7ab75a828f74	GET	/users	http://localhost:5173
20241017	00:49:21	4b0d405f-cf5b-4810-886e-83d4aaaca028	OPTIONS	/auth	http://localhost:5173
20241017	00:49:21	176a97fe-f7df-4e22-a594-41701d8d450c	POST	/auth	http://localhost:5173
20241017	00:49:21	2c862941-4ea6-481d-b1e0-4496c582d9f0	OPTIONS	/notes	http://localhost:5173
20241017	00:49:21	ac9e23b1-dec8-4ec3-8c28-9c6e409d3cc5	GET	/notes	http://localhost:5173
20241017	00:49:21	6dc35ccd-df91-47a1-9714-3e01ebbda839	OPTIONS	/users	http://localhost:5173
20241017	00:49:21	f47ca71b-9882-4faa-b8f0-b056ae8e9568	GET	/users	http://localhost:5173
20241017	00:49:23	1dc3f908-ec45-4b08-9b9e-ee8c54f25bbd	GET	/notes	http://localhost:5173
20241017	00:49:26	e18f3c60-6fa6-4d46-b654-82e04251b22c	GET	/notes	http://localhost:5173
20241017	00:49:26	3671eb61-8476-4fdb-af99-3bae37fdbc1b	GET	/users	http://localhost:5173
20241017	00:49:39	7c380e01-d5a2-46d5-9d65-25d0d4c80c2e	GET	/users	undefined
20241017	00:51:52	fe8d82e8-31cd-4377-8cdd-f8461987ec81	OPTIONS	/auth	http://localhost:5173
20241017	00:51:52	9118ac6b-8aa9-4263-99d8-ee63c53a9d12	POST	/auth	http://localhost:5173
20241017	00:51:52	e473b04a-7e76-4abd-859c-f56fbd4f5ae4	OPTIONS	/notes	http://localhost:5173
20241017	00:51:52	aa95bea1-8151-4347-8945-7582064d5d92	OPTIONS	/users	http://localhost:5173
20241017	00:51:52	da984ed4-936b-44a8-81b3-2c3417ca32e3	GET	/notes	http://localhost:5173
20241017	00:51:52	0ca43587-5670-4765-9e3e-72589f6c99bb	GET	/users	http://localhost:5173
20241017	00:52:07	930bc6ac-6412-4038-b7a1-3da64472675e	GET	/notes	http://localhost:5173
20241017	00:52:07	06d9e9f9-0ca7-4ff5-819d-18f36aad621c	GET	/users	http://localhost:5173
20241017	08:37:16	663c2ba5-8a34-4d4b-9eb5-b05bf4144377	OPTIONS	/auth	http://localhost:5173
20241017	08:37:16	3b89361b-261a-422a-b8b0-1749dcfd48ce	POST	/auth	http://localhost:5173
20241017	08:37:16	a15e01c3-3ec8-4825-a149-27201971200b	OPTIONS	/notes	http://localhost:5173
20241017	08:37:16	27f9602d-d99e-48e9-8365-de7f518e3544	OPTIONS	/users	http://localhost:5173
20241017	08:37:16	2f9feb56-a1e7-4df0-9626-20637b7e0ae5	GET	/notes	http://localhost:5173
20241017	08:37:16	2535babf-e266-4ee9-b844-76225271a217	GET	/users	http://localhost:5173
20241017	08:37:18	0489a5eb-259b-41d9-a456-73c74cbee25a	GET	/notes	http://localhost:5173
20241017	08:38:23	30fc54f5-4de7-461e-bfff-728fed49ff7e	OPTIONS	/auth	http://localhost:5173
20241017	08:38:23	82330793-10c6-456a-b7cc-5693595d2471	POST	/auth	http://localhost:5173
20241017	08:38:23	17b4704f-14eb-4941-a690-161ddb36109d	OPTIONS	/notes	http://localhost:5173
20241017	08:38:23	f09a1957-c0da-46d8-9426-2c3373fc622f	OPTIONS	/users	http://localhost:5173
20241017	08:38:23	fe84c5a7-d027-4a8a-9c70-36edfd0d8910	GET	/notes	http://localhost:5173
20241017	08:38:23	c4e60990-d510-4abd-b692-f7a1d31597f7	GET	/users	http://localhost:5173
20241017	08:38:35	97952bec-8131-4b61-b449-1a5ee54b022b	OPTIONS	/notes	http://localhost:5173
20241017	08:38:35	75d1faab-fe65-4114-969b-97e88331567e	GET	/notes	http://localhost:5173
20241017	08:39:28	e8e6e4c2-bb54-4eac-a2af-206285f58535	OPTIONS	/auth	http://localhost:5173
20241017	08:39:28	68a51489-33ed-449c-b6d3-41971c3277e1	POST	/auth	http://localhost:5173
20241017	08:39:28	fdc02283-6475-4118-a8e2-87082a7f821d	OPTIONS	/notes	http://localhost:5173
20241017	08:39:28	f3dcab75-2183-4ba6-8fad-e1a662046326	OPTIONS	/users	http://localhost:5173
20241017	08:39:28	545c2297-c716-4b7a-851a-1a85bbb1744c	GET	/notes	http://localhost:5173
20241017	08:39:28	c9f091a5-fbd7-4816-8b2f-1d7c7d88cc00	GET	/users	http://localhost:5173
20241017	08:40:55	ca383245-1db1-43c1-bd3b-1ad498617eb1	GET	/auth/refresh	http://localhost:5173
20241017	08:40:55	5bf28b41-8db0-445e-858f-d4eae6578979	OPTIONS	/notes	http://localhost:5173
20241017	08:40:55	946353a2-17a7-4a73-baa6-98d39f96bf7c	OPTIONS	/users	http://localhost:5173
20241017	08:40:55	9041b878-5d1d-4643-9a65-be5ef91abeeb	GET	/notes	http://localhost:5173
20241017	08:40:55	33af2ec2-a72e-44c8-9878-02a0bd9dd390	GET	/users	http://localhost:5173
20241017	08:50:53	78d69481-3592-4c26-88b5-925ec4b1006c	OPTIONS	/auth	http://localhost:5173
20241017	08:50:53	c51196d7-7e8c-4901-b17e-019b601714a1	POST	/auth	http://localhost:5173
20241017	08:50:53	0ae3c76e-8eaf-4b6c-a5e1-437840979e40	OPTIONS	/notes	http://localhost:5173
20241017	08:50:53	9a975a74-7612-4151-bff8-d861f139cd81	OPTIONS	/users	http://localhost:5173
20241017	08:50:53	e9596c35-92db-4560-86f3-66f0586b64fc	GET	/notes	http://localhost:5173
20241017	08:50:53	4f2dfefc-29fc-4f54-88d3-af805fae62a0	GET	/users	http://localhost:5173
20241017	08:50:54	5adc05da-3b45-43f7-8cdd-158655634d06	GET	/notes	http://localhost:5173
20241017	08:58:31	e7a0b2c5-d2ca-45a6-8798-7d493da84742	GET	/notes	http://localhost:5173
20241017	08:58:31	48548058-4d2a-4e57-939d-1bd100493363	GET	/users	http://localhost:5173
20241017	08:58:31	c1faf0bd-082b-4b99-ba8b-1213c1439ed8	GET	/auth/refresh	http://localhost:5173
20241017	08:58:31	cf3b3a3c-eab0-4dc7-bc89-4d8d6cd7ad28	OPTIONS	/notes	http://localhost:5173
20241017	08:58:31	ad9b453a-3b06-4944-97c8-9495501ca161	OPTIONS	/users	http://localhost:5173
20241017	08:58:31	776e392f-f29f-4c2c-a758-3b25a1fe22b9	GET	/notes	http://localhost:5173
20241017	08:58:31	f49fefb1-dfb4-457d-8b14-45f107ecbad7	GET	/users	http://localhost:5173
20241017	09:02:02	b229f11a-ca12-4a5d-9c0e-0076587caaff	OPTIONS	/auth	http://localhost:5173
20241017	09:02:02	9db1a4b2-8195-49a9-90a0-d8d99f6aff18	POST	/auth	http://localhost:5173
20241017	09:02:06	3a4fe87a-8b27-4bc4-a40b-315d016ac41a	POST	/auth	http://localhost:5173
20241017	09:02:20	d73b78cc-3592-415d-a449-3d71f4368ecd	OPTIONS	/auth	http://localhost:5173
20241017	09:02:20	32634751-a427-44da-bf87-c4c9b9176d86	POST	/auth	http://localhost:5173
20241017	09:02:34	b731a9e7-9c63-4908-9d95-d362052e868b	OPTIONS	/auth	http://localhost:5173
20241017	09:02:34	70454c29-c72b-424a-93ab-dd3c6bc9b65a	POST	/auth	http://localhost:5173
20241017	09:03:23	40f619d6-7909-47f2-b681-8af786bf58f7	OPTIONS	/auth	http://localhost:5173
20241017	09:03:23	16e664bd-039c-4c23-9444-792c84d10732	POST	/auth	http://localhost:5173
20241017	09:03:37	210cd871-e1e3-44e4-beb5-1ed51ad6cb6c	OPTIONS	/auth	http://localhost:5173
20241017	09:03:37	c84e1cc1-ae9b-4f00-9eb4-fdb6920e01fc	POST	/auth	http://localhost:5173
20241017	09:13:26	3c9e374b-d899-4dc2-ae11-5f419efc0ed7	OPTIONS	/auth	http://localhost:5173
20241017	09:13:26	ec54d066-e4ad-499b-b9c0-ab10161e0974	POST	/auth	http://localhost:5173
20241017	09:13:27	762702c2-8ad4-453e-9645-2394c90ac5fb	OPTIONS	/notes	http://localhost:5173
20241017	09:13:27	e4d1e89a-4ce8-40d7-b9f4-0f6f6e80a6f0	OPTIONS	/users	http://localhost:5173
20241017	09:13:27	b5d6e7d2-f733-4c92-8017-7c2d8087a103	GET	/notes	http://localhost:5173
20241017	09:13:27	62fd9eb3-79e1-45fd-a016-d3855f63e0ac	GET	/users	http://localhost:5173
20241017	09:13:30	9b317b18-b8cf-4313-91b6-34c13603dc2e	GET	/notes	http://localhost:5173
20241017	09:15:32	64b6a358-d5fd-4f02-982b-134b7be80de9	OPTIONS	/auth	http://localhost:5173
20241017	09:15:32	3605b4ed-65e1-42a8-8c8e-d789bd47f18b	POST	/auth	http://localhost:5173
20241017	09:15:32	18e06de3-6d32-42e1-87fb-cd28d93e0756	OPTIONS	/notes	http://localhost:5173
20241017	09:15:32	3d3e77f2-bd1f-4d6f-8062-e07a6f23e5dc	OPTIONS	/users	http://localhost:5173
20241017	09:15:32	25eecb91-a7cc-48c2-a37e-1da6529f72d4	GET	/notes	http://localhost:5173
20241017	09:15:32	cc3d68c4-6efb-42ff-bd26-10fd9245d7f2	GET	/users	http://localhost:5173
20241017	09:15:34	67326c14-e80d-4ac0-9fde-603dce2cf307	GET	/notes	http://localhost:5173
20241017	09:18:14	c871a211-89fc-442a-94bb-ecd80309be14	OPTIONS	/auth	http://localhost:5173
20241017	09:18:14	b2efa765-7f68-40f9-bc96-64882bfd518b	POST	/auth	http://localhost:5173
20241017	09:18:14	9d09056f-e2bd-4da5-929d-fbb314d3a6bb	OPTIONS	/notes	http://localhost:5173
20241017	09:18:14	53892ac6-f889-4902-9327-bd7bd2a0a08f	OPTIONS	/users	http://localhost:5173
20241017	09:18:14	225dd40b-95a1-48da-b86f-c619a4e63672	GET	/users	http://localhost:5173
20241017	09:18:14	7017d4b1-22e9-4f81-a42c-768f4a719353	GET	/notes	http://localhost:5173
20241017	09:18:26	bd9140f4-3115-4c5f-adb7-66b26f2776df	OPTIONS	/notes	http://localhost:5173
20241017	09:18:26	9c5da990-d6c8-4f8b-929a-d427a3529468	GET	/notes	http://localhost:5173
20241017	09:22:18	463387c0-889b-47ff-9581-3aeb0eab2ccd	OPTIONS	/auth	http://localhost:5173
20241017	09:22:18	d5530890-6cb1-4ac4-91bf-1b710c5bb535	POST	/auth	http://localhost:5173
20241017	09:22:18	9fe850ee-a0f6-417e-b0b5-0ce011d206e8	OPTIONS	/notes	http://localhost:5173
20241017	09:22:18	f048eb4f-4082-4d44-91cd-87f752ebf474	OPTIONS	/users	http://localhost:5173
20241017	09:22:18	267767da-b9f4-4791-a7bb-6930ad4e336e	GET	/notes	http://localhost:5173
20241017	09:22:18	257bd09c-a5a9-4740-ae1e-f6bd78a132e7	GET	/users	http://localhost:5173
20241017	09:22:19	005b697d-feca-4432-9260-efb1b41c2046	GET	/notes	http://localhost:5173
20241017	09:26:59	a832f2eb-cbe8-486c-8565-ab58ff6b1a9a	GET	/auth/refresh	http://localhost:5173
20241017	09:26:59	a8cd2f48-a446-4b08-bb85-d9eebcd26078	OPTIONS	/notes	http://localhost:5173
20241017	09:26:59	8615a225-20cf-492c-8789-0db0c03083d1	OPTIONS	/notes	http://localhost:5173
20241017	09:26:59	375f1d68-6ea9-4202-926d-b01b19981b46	OPTIONS	/users	http://localhost:5173
20241017	09:26:59	8cdb5188-bfe3-4dc5-b62c-d490120c5dac	GET	/users	http://localhost:5173
20241017	09:26:59	06afc9b1-b63d-41e5-9cec-55e33ea638db	GET	/notes	http://localhost:5173
20241017	09:26:59	3523e61f-acca-4151-acb9-5d9c8b5ce52f	GET	/notes	http://localhost:5173
20241017	09:27:02	67e47d5c-2fb4-4872-b9ac-f292ae274d2e	GET	/notes	http://localhost:5173
20241017	09:27:50	7495bb16-4a19-4b08-bcdb-8659781895d6	OPTIONS	/auth	http://localhost:5173
20241017	09:27:50	6fa6a09c-7318-46b9-97f3-a8b200f1f692	POST	/auth	http://localhost:5173
20241017	09:27:50	68bb7b9b-3cc2-4251-b1fd-3a1a690e82b9	OPTIONS	/notes	http://localhost:5173
20241017	09:27:50	78ec00b1-5def-42cd-afbb-c0b4ec692b90	OPTIONS	/users	http://localhost:5173
20241017	09:27:50	1b8b2047-5d34-4c1f-ae14-470200a4595d	GET	/notes	http://localhost:5173
20241017	09:27:50	d2384ebd-69b7-4e48-8747-6fa0245d296b	GET	/users	http://localhost:5173
20241017	09:27:52	52e185dd-b683-4532-a1cf-622b9bf289c9	GET	/notes	http://localhost:5173
20241017	09:29:45	72430104-2799-4862-9ad4-8f4ef198672f	GET	/auth/refresh	http://localhost:5173
20241017	09:29:45	e86093d2-6244-4120-bf1e-bf07d9eb0fb9	OPTIONS	/notes	http://localhost:5173
20241017	09:29:45	9b264207-a76c-46a0-99bc-310099ef2fbc	OPTIONS	/users	http://localhost:5173
20241017	09:29:45	01dd508f-591a-452a-8f3d-8d05ed097750	OPTIONS	/notes	http://localhost:5173
20241017	09:29:45	749955a5-2556-450f-91d2-cc45ff9c11a0	GET	/users	http://localhost:5173
20241017	09:29:45	9ccd8c65-3486-4d29-8cb7-c52d9da9b40e	GET	/notes	http://localhost:5173
20241017	09:29:45	9330be1a-895b-48fd-a0ef-3e8b9246dd7f	GET	/notes	http://localhost:5173
20241017	09:29:47	3aaf8f98-59cb-438f-a373-660ee9b645d9	GET	/notes	http://localhost:5173
20241017	09:29:48	fe27a669-7f18-4622-b712-c72f5c8fe3dc	GET	/auth/refresh	http://localhost:5173
20241017	09:29:48	c2c4d3be-c6e9-455a-92b1-8d0d3053329d	GET	/notes	http://localhost:5173
20241017	09:29:48	7d097bd1-0b1e-46ff-b78b-a74234d48111	GET	/users	http://localhost:5173
20241017	09:29:48	fb8bfcc1-128c-4990-9578-bbf3a0b4f4be	GET	/notes	http://localhost:5173
20241017	09:30:03	0ec3ae4f-5cab-4f47-a2ff-4cd124cad0ef	OPTIONS	/notes	http://localhost:5173
20241017	09:30:03	5d6a66b6-6348-4342-9840-c5425e6052fc	GET	/notes	http://localhost:5173
20241017	09:30:18	681aeeef-ec89-4a2b-98ee-ed7bab130c2a	OPTIONS	/notes	http://localhost:5173
20241017	09:30:18	d95cd0c2-85c7-49b6-aff7-84a5e6c319d7	GET	/notes	http://localhost:5173
20241017	09:30:34	751ea417-3b76-4bae-baec-32b3e49c1973	OPTIONS	/notes	http://localhost:5173
20241017	09:30:34	441a50c6-ab27-4650-94b7-387878da4d62	GET	/notes	http://localhost:5173
20241017	09:30:50	b2cee86b-47e3-434d-bb95-712200e16b48	OPTIONS	/notes	http://localhost:5173
20241017	09:30:50	138387a3-4766-435e-9cd5-a25a0d437f2d	GET	/notes	http://localhost:5173
20241017	09:31:06	6f372e5a-f4bc-492c-814e-84730e4197e0	OPTIONS	/notes	http://localhost:5173
20241017	09:31:06	de30dcec-69b1-4799-996d-cddda5906f9f	GET	/notes	http://localhost:5173
20241017	09:31:22	f266f24c-0e7d-42fb-86c1-b9126e55da8e	OPTIONS	/notes	http://localhost:5173
20241017	09:31:22	aa89b7a2-9181-475d-b2c3-f26400ce9f1e	GET	/notes	http://localhost:5173
20241017	09:31:38	9c16ddf3-636c-4e27-99b5-3e42fdcb18ee	OPTIONS	/notes	http://localhost:5173
20241017	09:31:38	be99844a-ada3-49bf-b38b-82e466da6389	GET	/notes	http://localhost:5173
20241017	09:31:54	9e014ae0-2e4d-4e2e-b1ca-d6c983e36f09	OPTIONS	/notes	http://localhost:5173
20241017	09:31:54	7669b95a-1967-416e-a213-4afe8ce73793	GET	/notes	http://localhost:5173
20241017	09:31:58	7d9f3af4-1d92-4949-9210-8db663a580a5	GET	/notes	http://localhost:5173
20241017	09:32:14	49277572-6b66-444c-8e0d-ac7887846767	OPTIONS	/notes	http://localhost:5173
20241017	09:32:14	81b3a12e-756f-4069-bd7b-b527684d311a	GET	/notes	http://localhost:5173
20241017	09:32:30	17bfa228-6378-4e11-86d7-74478e9d3c4c	OPTIONS	/notes	http://localhost:5173
20241017	09:32:30	03173a92-f802-4415-a3ff-01b5fe691790	GET	/notes	http://localhost:5173
20241017	09:32:46	fa95e06f-4d17-4f35-b049-f39bcd6961d5	OPTIONS	/notes	http://localhost:5173
20241017	09:32:46	1cccc18b-4422-4e95-8cc7-fc423d7f4311	GET	/notes	http://localhost:5173
20241017	09:33:02	92c92058-b049-47e0-81b4-71ebbc25406f	OPTIONS	/notes	http://localhost:5173
20241017	09:33:02	ece19ab8-a641-41ce-8135-6f6c3b226aa5	GET	/notes	http://localhost:5173
20241017	09:33:09	a6a049f0-56a5-4be8-8cf6-c5d06ed5b730	OPTIONS	/notes	http://localhost:5173
20241017	09:33:09	a1834ba4-373e-4629-aaab-597e50533317	GET	/notes	http://localhost:5173
20241017	09:33:18	8467e044-45ef-4283-a06d-e23cb9a72ab4	OPTIONS	/notes	http://localhost:5173
20241017	09:33:18	40e65031-af23-49ec-921d-aaeb68a85dae	GET	/notes	http://localhost:5173
20241017	09:33:22	424cbea4-43dc-4ac2-98f6-ce58575527bf	GET	/auth/refresh	http://localhost:5173
20241017	09:33:22	ab8443ce-6914-4c9d-a04f-ff12f7a38f46	OPTIONS	/users	http://localhost:5173
20241017	09:33:22	6a6c23e5-e4ae-4174-9b3f-19a2a8ea65d7	GET	/notes	http://localhost:5173
20241017	09:33:22	168ec3d4-7d83-4738-a4b8-2f0e62846eaf	GET	/users	http://localhost:5173
20241017	09:33:24	2031d6f9-7a58-4ca6-b507-6638335bd95a	GET	/auth/refresh	http://localhost:5173
20241017	09:33:24	b3f49a20-75d1-4b54-969c-3f5cec0c1ee9	OPTIONS	/notes	http://localhost:5173
20241017	09:33:24	65bb4267-0982-4e1f-8a55-9d7ba3e52723	GET	/users	http://localhost:5173
20241017	09:33:24	3db20575-1174-4258-9b8f-34071c5f40ff	GET	/notes	http://localhost:5173
20241017	10:08:34	25ee5f38-22f3-435b-91b9-f3388de6e6c3	GET	/auth/refresh	http://localhost:5173
20241017	10:08:35	d7303d60-9830-468f-a6ca-0cb38cc325b5	OPTIONS	/notes	http://localhost:5173
20241017	10:08:35	9c5136b2-b10d-48a8-936f-b94428c56034	OPTIONS	/users	http://localhost:5173
20241017	10:08:35	7155e131-b480-4b61-b345-bc27e64ea0d9	GET	/users	http://localhost:5173
20241017	10:08:35	ee7abc66-a331-45be-a4a2-128983335804	GET	/notes	http://localhost:5173
20241017	10:50:08	9a31e639-f0fe-464f-87fb-5a998850d7d4	OPTIONS	/auth	http://localhost:5173
20241017	10:50:08	3da26e69-8ece-402f-b02a-51ec44ae2a6a	POST	/auth	http://localhost:5173
20241017	10:50:08	a9d433b4-62c6-4fcb-b36a-160018a46306	OPTIONS	/notes	http://localhost:5173
20241017	10:50:08	e1b6e2e4-c2e9-4136-b1c4-58b440e3a98e	OPTIONS	/users	http://localhost:5173
20241017	10:50:08	e1270e6f-cd1d-4a37-81a3-43a89623487d	GET	/notes	http://localhost:5173
20241017	10:50:08	da343fcd-3cf0-463c-9908-a2199949a7dc	GET	/users	http://localhost:5173
20241017	10:55:08	76db6253-adba-4246-9efe-9a32ed3ef8fa	OPTIONS	/auth	http://localhost:5173
20241017	10:55:08	82df96a6-bbca-4c40-b3a0-fb6cc7876720	POST	/auth	http://localhost:5173
20241017	10:55:09	6f59aef6-bb77-44c7-ba6a-b1da95eccc98	OPTIONS	/notes	http://localhost:5173
20241017	10:55:09	9b6cc3f3-7078-4e86-8888-fee001311383	OPTIONS	/users	http://localhost:5173
20241017	10:55:09	d7e019be-7405-4579-8a82-52decbaa1eaf	GET	/notes	http://localhost:5173
20241017	10:55:09	56731b75-e343-464d-ae0e-9c22ead656d8	GET	/users	http://localhost:5173
20241017	11:04:51	d2dad7c7-c5ab-4bf1-8398-f0048df3121f	OPTIONS	/users	http://localhost:5173
20241017	11:04:51	bd430c04-f7e5-4047-a8ff-50559d003d26	POST	/users	http://localhost:5173
20241017	11:04:51	7dc4bd3e-8b07-4316-811e-661089063fc2	GET	/users	http://localhost:5173
20241017	11:04:51	854b9a03-a03d-4de6-a9e1-53c673b6ed91	GET	/users	http://localhost:5173
20241017	11:04:54	25d430db-68d4-42ea-92bc-1598370bf0c5	GET	/users	http://localhost:5173
20241017	11:04:59	db659f96-c270-4c28-be49-5a2e96afbd91	OPTIONS	/auth/logout	http://localhost:5173
20241017	11:04:59	71e988b8-b5e5-4668-b3ce-452e013bacb0	POST	/auth/logout	http://localhost:5173
20241017	11:04:59	514834a3-62a5-487a-a43a-94d5ff2c6077	GET	/auth/refresh	http://localhost:5173
20241017	11:05:03	4e225ef2-21d3-47aa-bdf1-91cf20b65249	GET	/auth/refresh	http://localhost:5173
20241017	11:05:17	a3c7d4cc-90af-406d-a818-60fdf8dcce16	OPTIONS	/auth	http://localhost:5173
20241017	11:05:17	82f13993-7d9d-4ee3-9229-4198737d480b	POST	/auth	http://localhost:5173
20241017	11:05:17	62c2aac9-9656-4172-a621-522e3c6d023d	OPTIONS	/notes	http://localhost:5173
20241017	11:05:17	9ba526d3-c77f-4843-94ae-0def31d889e0	GET	/notes	http://localhost:5173
20241017	11:05:17	f01f09e4-cc0e-4933-9713-915841082fa7	OPTIONS	/users	http://localhost:5173
20241017	11:05:17	7850f24a-d508-4b79-9df5-9522cf7f915b	GET	/users	http://localhost:5173
20241017	11:05:23	8e098b14-8c0f-4695-8bd8-7769212db5f6	OPTIONS	/auth/logout	http://localhost:5173
20241017	11:05:23	4ac647ae-1343-4d7f-b311-e4f8354b4baf	POST	/auth/logout	http://localhost:5173
20241017	11:05:23	c74bba7f-35d5-4cd9-80e3-4e7b937cb2c4	GET	/auth/refresh	http://localhost:5173
20241017	11:05:26	7027208c-fd9b-48c3-99a4-5138edca5b1f	GET	/auth/refresh	http://localhost:5173
20241017	11:19:51	dde07004-c3b0-4b0b-8f9a-e1b3dd3f71cd	OPTIONS	/auth	http://localhost:5173
20241017	11:19:51	cc789892-a15b-4c88-9b03-4529df07176f	POST	/auth	http://localhost:5173
20241017	11:19:51	fa4bed65-c3fc-46c5-aa3e-8c3cebb37df6	OPTIONS	/notes	http://localhost:5173
20241017	11:19:51	40028b8b-e6db-42b2-94e5-3b38fae77c4b	OPTIONS	/users	http://localhost:5173
20241017	11:19:51	ed6d4741-6ba3-4fb9-9cd4-d7ab1fded96f	GET	/notes	http://localhost:5173
20241017	11:19:51	e1f12bda-8035-47b6-857a-4794984246e8	GET	/users	http://localhost:5173
20241017	11:19:53	782c48fd-114b-4a4f-be42-ae0ce3127f72	OPTIONS	/auth/logout	http://localhost:5173
20241017	11:19:53	a1b744fa-047e-4364-b04b-bdae9fe106df	POST	/auth/logout	http://localhost:5173
20241017	11:19:53	926da285-cdd9-41c9-95b9-5653c09a4319	GET	/auth/refresh	http://localhost:5173
20241017	11:19:56	9047693d-0d74-4169-a34b-346c3dd305b8	GET	/auth/refresh	http://localhost:5173
20241017	11:20:10	5cc5c1b5-9869-4f2a-aa0d-4e570da55049	OPTIONS	/auth	http://localhost:5173
20241017	11:20:10	948538c9-1ac1-4470-b51f-64754537a6d0	POST	/auth	http://localhost:5173
20241017	11:20:10	a70c860d-6e08-4ee8-8b38-ffb208df1e26	OPTIONS	/notes	http://localhost:5173
20241017	11:20:10	feea6a2b-8ff3-4731-afc0-26ce397fd696	OPTIONS	/users	http://localhost:5173
20241017	11:20:10	1286de4b-2cf8-4593-8d20-a7c8771457c1	GET	/notes	http://localhost:5173
20241017	11:20:10	250e5619-4a87-487c-80f9-b60838052f41	GET	/users	http://localhost:5173
20241017	11:20:11	a2a7f2b4-ca0c-4bd2-b15d-26d55e4cb3f9	OPTIONS	/auth/logout	http://localhost:5173
20241017	11:20:11	19f76011-ea0d-4e44-b178-d75338ced7ca	POST	/auth/logout	http://localhost:5173
20241017	11:20:11	d8f74016-66f0-4c9f-956c-f9dc07eeda7a	GET	/auth/refresh	http://localhost:5173
20241017	11:20:54	92fe26e0-8788-4b0a-90c7-46f3cbecb141	OPTIONS	/auth	http://localhost:5173
20241017	11:20:54	3d2a53e5-70fe-4312-8b77-f5ad50e49b83	POST	/auth	http://localhost:5173
20241017	11:20:54	f92dc85e-9b13-46a8-85ae-25d740682ad9	OPTIONS	/notes	http://localhost:5173
20241017	11:20:54	b8135e77-6dd5-4460-ba68-9a921e078a79	OPTIONS	/users	http://localhost:5173
20241017	11:20:54	3d290ce1-03c6-4357-ae3e-331d68255a82	GET	/notes	http://localhost:5173
20241017	11:20:54	4528d2a1-045a-4045-b293-419bc4b96fc2	GET	/users	http://localhost:5173
20241017	11:24:08	008ceb5e-2fab-46bb-905a-e60420046828	OPTIONS	/auth/logout	http://localhost:5173
20241017	11:24:08	40f57093-69e2-4fd2-9a7d-cdae76dd34c3	POST	/auth/logout	http://localhost:5173
20241017	11:24:08	17bc6ee5-23b3-4fff-8ab4-6a641a636f71	GET	/auth/refresh	http://localhost:5173
20241017	11:24:46	89dd5c0b-27a5-4554-964b-6001e59493f4	OPTIONS	/auth	http://localhost:5173
20241017	11:24:46	ced28b87-8966-4c56-a718-9ef08ab3c8c2	POST	/auth	http://localhost:5173
20241017	11:24:46	457f45e9-2e4c-44cf-9e42-dd2bb497e59a	OPTIONS	/auth/logout	http://localhost:5173
20241017	11:24:46	6cc3dbd7-f64f-4ba7-b188-60e7d16f9ca2	OPTIONS	/notes	http://localhost:5173
20241017	11:24:46	6d9d720d-94ff-4a41-8826-f64ea1e70fa6	POST	/auth/logout	http://localhost:5173
20241017	11:24:46	3793e749-f3f2-4611-ae1d-e2a32e6e0280	OPTIONS	/users	http://localhost:5173
20241017	11:24:46	dc888608-bb57-42bd-8425-a972b69d7a75	GET	/notes	http://localhost:5173
20241017	11:24:46	fd01758a-d9e2-4fa9-b2d9-35305d7dea5e	GET	/users	http://localhost:5173
20241017	11:24:46	6dcafa9a-1bbe-4e29-bf29-299c6ecc9719	GET	/auth/refresh	http://localhost:5173
20241017	11:25:18	22ca5747-2fd1-4fca-ac99-36ffc3a03f3d	OPTIONS	/auth	http://localhost:5173
20241017	11:25:19	b1e0ee86-ae33-4b48-bfd6-c779fa2d8608	POST	/auth	http://localhost:5173
20241017	11:25:19	ac1b2eb6-e3e0-4788-ad07-b801faf93888	OPTIONS	/notes	http://localhost:5173
20241017	11:25:19	d5afa746-5254-458b-9129-32fc845e8189	OPTIONS	/users	http://localhost:5173
20241017	11:25:19	91293184-7e04-4a4c-895e-9c04533f1ee2	GET	/notes	http://localhost:5173
20241017	11:25:19	9c6f2d29-a2a0-434e-a476-0a6d32b809ab	GET	/users	http://localhost:5173
20241017	11:25:41	c3835e44-6ff9-46ed-bbe2-ee00891d3ab4	OPTIONS	/auth/logout	http://localhost:5173
20241017	11:25:41	c1c2eea1-2a1f-4a60-af96-e5c97e86877a	POST	/auth/logout	http://localhost:5173
20241017	11:25:41	5263deca-778d-45a9-9545-9d0f0b6e4732	GET	/auth/refresh	http://localhost:5173
20241017	11:26:09	40facb8e-6ffc-4483-920f-864bff0a7417	OPTIONS	/auth	http://localhost:5173
20241017	11:26:09	4b1fca18-dc20-447d-818f-713b4462f685	POST	/auth	http://localhost:5173
20241017	11:26:09	b2ba69f9-aa2f-42bb-88d4-7aab46250a41	OPTIONS	/notes	http://localhost:5173
20241017	11:26:09	af562d08-3e24-4fec-a928-339fd7a6cbe9	OPTIONS	/users	http://localhost:5173
20241017	11:26:09	3be4805e-b832-48cb-b1ea-2c67cb77a3c5	GET	/notes	http://localhost:5173
20241017	11:26:09	5ee58723-3534-4de3-8879-01814fa03a0d	GET	/users	http://localhost:5173
20241017	11:26:10	f9d2d30f-da22-45b0-a9ee-d0e4a5f9fae0	OPTIONS	/auth/logout	http://localhost:5173
20241017	11:26:10	51fa2d47-7bbe-488e-8d3d-97f07cbb5645	POST	/auth/logout	http://localhost:5173
20241017	11:26:38	628f03cb-ca54-4d11-ba53-57f936d4baa5	OPTIONS	/auth	http://localhost:5173
20241017	11:26:38	aed6488a-5c85-4181-adaf-4a4c0bae7b96	POST	/auth	http://localhost:5173
20241017	11:26:38	308e0b29-fbf2-426b-9753-f832c2828637	OPTIONS	/notes	http://localhost:5173
20241017	11:26:38	cbdbe2f3-485f-41f0-b195-841ee6f6410d	OPTIONS	/users	http://localhost:5173
20241017	11:26:38	4c9d97de-37fa-411e-9c9f-ea43af43bcb3	GET	/notes	http://localhost:5173
20241017	11:26:38	976ab28d-ce1f-44e5-b1b9-9e3a42255884	GET	/users	http://localhost:5173
20241017	11:26:40	4bbf309a-f693-4351-a49d-672c9d62f082	OPTIONS	/auth/logout	http://localhost:5173
20241017	11:26:40	d2cb896f-526e-4cca-86f2-06c9609f4dfe	POST	/auth/logout	http://localhost:5173
20241017	11:26:55	de5ff5b2-6217-4d64-8e05-e3c4b632d562	OPTIONS	/auth	http://localhost:5173
20241017	11:26:55	639cb343-5512-46d2-8a4c-d4dd187817f7	POST	/auth	http://localhost:5173
20241017	11:26:56	d3efc238-359b-49df-aec7-8389af26b067	OPTIONS	/notes	http://localhost:5173
20241017	11:26:56	f91f66e1-a996-46b4-9940-2b8e6054eb27	GET	/notes	http://localhost:5173
20241017	11:26:56	93ae320b-6e12-43d5-b5f2-fbf02e486f97	OPTIONS	/users	http://localhost:5173
20241017	11:26:56	f07c49fa-d5bf-49a6-ad64-22e31114d1a4	GET	/users	http://localhost:5173
20241017	11:26:58	22236d1a-fcc5-4612-a0ab-c324506450ef	GET	/notes	http://localhost:5173
20241017	11:27:02	1a0edc2a-e240-4458-bd6f-ddb8b2132fbd	OPTIONS	/auth/logout	http://localhost:5173
20241017	11:27:02	77303310-044e-49dd-aadf-5d75b3f26f5d	POST	/auth/logout	http://localhost:5173
20241017	12:05:07	d12b056a-699e-4df2-8c23-d70ade074167	OPTIONS	/auth	http://localhost:5173
20241017	12:05:07	13474a52-4d5a-4aeb-8e5b-b905ad8b62ee	POST	/auth	http://localhost:5173
20241017	12:05:07	3237a9d5-0169-41f2-b683-cbf8bf5c73cf	OPTIONS	/notes	http://localhost:5173
20241017	12:05:07	b30213a0-bcc9-4a78-b105-de43e35b993e	OPTIONS	/users	http://localhost:5173
20241017	12:05:07	149eae1e-b7b7-4a4b-b6c2-852e10f16d16	GET	/notes	http://localhost:5173
20241017	12:05:07	a8dd64c6-8040-4df1-9d6f-10fdb343ad4c	GET	/users	http://localhost:5173
20241017	12:05:14	ceefec9c-e7f4-4540-b5fe-74475e2693eb	OPTIONS	/notes	http://localhost:5173
20241017	12:05:14	6f1ea9d5-cbe2-44c4-8067-84d50df4ece7	GET	/notes	http://localhost:5173
20241017	12:05:29	bf4ed0b5-3caa-4583-a7e6-72c0d44213ff	OPTIONS	/notes	http://localhost:5173
20241017	12:05:29	b508d97d-081e-410d-b0bb-574d5adda440	GET	/notes	http://localhost:5173
20241017	12:05:33	9eab6dfd-f7d5-4407-9caf-fedb48fc4464	OPTIONS	/auth/logout	http://localhost:5173
20241017	12:05:33	a7c0a9f9-8063-4531-840b-1e693959983e	POST	/auth/logout	http://localhost:5173
20241017	12:06:32	6b498ff9-68e1-42e8-a495-fa03baa757db	OPTIONS	/auth	http://localhost:5173
20241017	12:06:32	0d41c57d-c479-4d3c-8591-cff534b650e0	POST	/auth	http://localhost:5173
20241017	12:06:33	8adb2e39-a984-4488-83a3-5a0983a5e500	OPTIONS	/notes	http://localhost:5173
20241017	12:06:33	1a7f5e21-3b3c-458b-9333-9d201dc3a57a	OPTIONS	/users	http://localhost:5173
20241017	12:06:33	c8376f02-67fe-4a51-af67-b3ed7b696e1d	GET	/notes	http://localhost:5173
20241017	12:06:33	e9e7c414-d3cd-41dd-b87a-22a101a6b616	GET	/users	http://localhost:5173
20241017	12:06:34	2be24682-2362-4d04-b3f2-496aea352b5a	GET	/users	http://localhost:5173
20241017	12:06:37	d7350e6b-ef4e-487a-813f-3141e7d42b7c	GET	/notes	http://localhost:5173
20241017	12:06:43	a63f1a01-215d-4c03-83da-218add671d30	OPTIONS	/auth/logout	http://localhost:5173
20241017	12:06:43	b235e440-ae37-4d1e-9d5a-bc2a3a5645ed	POST	/auth/logout	http://localhost:5173
20241017	12:12:25	eff625fa-e046-4891-9913-fafd3a1c5ac2	OPTIONS	/auth	http://localhost:5173
20241017	12:12:25	979025da-4a93-4fe4-800d-6bcc8e83a7d1	POST	/auth	http://localhost:5173
20241017	12:12:25	0edac3c8-d135-43fa-8fee-4391d562645e	OPTIONS	/notes	http://localhost:5173
20241017	12:12:25	140ce4d9-ce0e-474f-a3c5-2d514143858e	OPTIONS	/users	http://localhost:5173
20241017	12:12:25	3b941b18-2199-48bd-a92c-13719cceb2d2	GET	/notes	http://localhost:5173
20241017	12:12:25	c70df8f8-0b60-4a56-aa9f-66df372810a1	GET	/users	http://localhost:5173
20241017	12:12:27	70741191-f3dd-4d9f-a227-5e9135ee286a	GET	/notes	http://localhost:5173
20241017	12:12:54	a1cc72c8-4506-4f62-a409-966006ddde0e	OPTIONS	/notes	http://localhost:5173
20241017	12:12:54	240b71e7-caaa-42fc-965f-46a6e55e5616	OPTIONS	/notes	http://localhost:5173
20241017	12:12:54	457a8b82-0d38-425c-a914-b8d60cb8bbce	GET	/notes	http://localhost:5173
20241017	12:12:54	e10fb1ec-3e61-4800-bf30-51b2b70dd1eb	GET	/notes	http://localhost:5173
20241017	12:12:56	ab82a86d-405a-4c31-a32f-c94d5594c699	GET	/notes	http://localhost:5173
20241017	12:13:09	ad8ae281-acd8-4679-a7e1-95924839ae28	OPTIONS	/notes	http://localhost:5173
20241017	12:13:09	82d842c3-c9ea-4e77-a174-6cfb24721620	GET	/notes	http://localhost:5173
20241017	12:13:33	f143c1a7-36de-4a3d-9aa3-cc1b0cebb0e9	OPTIONS	/notes	http://localhost:5173
20241017	12:13:33	d7ad0c05-d164-407b-bbb4-8af95f8b5746	POST	/notes	http://localhost:5173
20241017	12:13:33	2087a338-1f24-4b84-a60d-e46af32831d4	GET	/notes	http://localhost:5173
20241017	12:13:33	2c326ddc-f48c-4bd6-a044-ef341f0a25b7	GET	/notes	http://localhost:5173
20241017	12:13:49	90cff1b6-173c-4cf3-8add-886f752395cf	OPTIONS	/notes	http://localhost:5173
20241017	12:13:49	18905dce-afde-4d0e-9546-384b43e64d11	GET	/notes	http://localhost:5173
20241017	12:14:05	2d53dd20-b103-44c4-a191-85cfc7d3d95c	OPTIONS	/notes	http://localhost:5173
20241017	12:14:05	95c4db09-005c-4ba9-897d-43ff09848e5b	GET	/notes	http://localhost:5173
20241017	12:14:21	08732dd7-c340-40b3-8473-562fba356550	OPTIONS	/notes	http://localhost:5173
20241017	12:14:21	f5772f08-f117-4509-8dba-b9aa9b51dd5f	GET	/notes	http://localhost:5173
20241017	12:14:37	1d605518-8228-4b6f-a6ee-ea00037083d8	OPTIONS	/notes	http://localhost:5173
20241017	12:14:37	1869b745-ad6c-4eec-bd52-eff593c2107d	GET	/notes	http://localhost:5173
20241017	12:14:53	c4cd3f17-5c1f-4a03-9a72-9d775326137a	OPTIONS	/notes	http://localhost:5173
20241017	12:14:53	62c9c959-aede-44c0-98ac-ad4650fc545b	GET	/notes	http://localhost:5173
20241017	12:15:09	20c79737-6b2c-4925-862c-73a9ca72c8eb	OPTIONS	/notes	http://localhost:5173
20241017	12:15:09	106d2ab4-a900-4b00-8260-cebdcff67829	GET	/notes	http://localhost:5173
20241017	12:15:25	5e057a0f-746e-42c0-babb-38af1bab293b	OPTIONS	/notes	http://localhost:5173
20241017	12:15:25	c2b5435f-52d5-4809-8bbf-296375eee547	GET	/notes	http://localhost:5173
20241017	12:15:41	5b893827-8c32-4867-ae9c-a2e9c95f0035	OPTIONS	/notes	http://localhost:5173
20241017	12:15:41	77131a2d-927b-4d5d-b3b0-1e95bd5a10fe	GET	/notes	http://localhost:5173
20241017	12:15:57	324c0210-b7dc-492d-a7d7-dc4907400fec	OPTIONS	/notes	http://localhost:5173
20241017	12:15:57	61bc14ff-e6f5-40b4-8f07-10f788554c1a	GET	/notes	http://localhost:5173
20241017	12:16:13	84b4a25b-c797-46fb-94f5-a6180bc0ab84	OPTIONS	/notes	http://localhost:5173
20241017	12:16:13	45d633df-4a14-4ec1-80ab-246d04ff745c	GET	/notes	http://localhost:5173
20241017	12:16:25	c33b86b4-e293-4fbf-a004-bfc5080b381b	GET	/auth/refresh	http://localhost:5173
20241017	12:16:25	98e0b4c7-641e-4906-bc52-cfc651ecfe6a	OPTIONS	/notes	http://localhost:5173
20241017	12:16:25	b14a82da-bb53-4963-84d6-559f476e5462	OPTIONS	/notes	http://localhost:5173
20241017	12:16:25	11816956-8870-4297-9bfd-e7a102058194	OPTIONS	/users	http://localhost:5173
20241017	12:16:25	d07aed19-6920-4520-9530-83698994b18f	GET	/notes	http://localhost:5173
20241017	12:16:25	db178029-7f3c-417f-9c83-2faab38b47c7	GET	/users	http://localhost:5173
20241017	12:16:25	3d9a2af1-e83b-4a7f-8c28-aa8066d5c149	GET	/notes	http://localhost:5173
20241017	12:16:40	f5efd89c-5393-4dab-b7ee-dc8276fb476d	OPTIONS	/notes	http://localhost:5173
20241017	12:16:40	2568a654-9d5a-461b-a8e7-17e5f680e05b	GET	/notes	http://localhost:5173
20241017	12:16:56	0147fc5d-b825-49ab-bd06-fd6a2d663c6f	OPTIONS	/notes	http://localhost:5173
20241017	12:16:56	ed1e8281-b0c9-43d1-a8f4-b97a22c40bd1	GET	/notes	http://localhost:5173
20241017	12:17:12	ecc5ac88-909a-47ad-beaf-22c1047b3025	OPTIONS	/notes	http://localhost:5173
20241017	12:17:12	dfdcfe1f-f62e-4a6b-89c9-bbad5392132e	GET	/notes	http://localhost:5173
20241017	12:17:28	88a2fe6a-b305-44e0-a3da-01ca108c7b5b	OPTIONS	/notes	http://localhost:5173
20241017	12:17:28	934b78c0-776b-4d39-b272-6b1949d3a900	GET	/notes	http://localhost:5173
20241017	12:17:44	5d6ed9f1-50f2-4636-a15f-85b7e998bfd7	OPTIONS	/notes	http://localhost:5173
20241017	12:17:44	edca5b8b-9aa9-4852-b964-a96d53bb2231	GET	/notes	http://localhost:5173
20241017	12:17:49	b6e8dd7b-3502-4e02-b9ab-dcb43e14bd7e	OPTIONS	/notes	http://localhost:5173
20241017	12:17:49	8a499820-49b3-4d20-87b6-cf61381d0d5c	GET	/notes	http://localhost:5173
20241017	12:18:02	3490ca58-f939-465b-88f3-9235dafb31f9	OPTIONS	/notes	http://localhost:5173
20241017	12:18:02	9f96786c-28e2-49e4-96f9-c7fe398e4f5d	GET	/notes	http://localhost:5173
20241017	12:18:04	6038db00-d9a8-43d5-bc24-56228ec78373	OPTIONS	/auth/logout	http://localhost:5173
20241017	12:18:04	f5dea9ab-031b-4701-bf5d-aa92d417f8b2	POST	/auth/logout	http://localhost:5173
20241017	12:18:12	8d489297-de22-4ba5-9826-c1261fc29766	GET	/auth/refresh	http://localhost:5173
20241017	12:53:12	1b0265af-c58c-4f2e-a9e7-cb7420bd621c	OPTIONS	/auth	http://localhost:5173
20241017	12:53:12	5b0c2556-c15e-4e84-9511-e2c83cb50ef5	POST	/auth	http://localhost:5173
20241017	12:57:45	58917326-43bc-4118-b139-273c94dd9e4d	OPTIONS	/auth	http://localhost:5173
20241017	12:57:45	ead1fe09-eaef-4a32-a72b-29a28272c80f	POST	/auth	http://localhost:5173
20241017	12:57:45	8b732b92-8221-41e2-9006-c1d21e47dba9	OPTIONS	/notes	http://localhost:5173
20241017	12:57:45	427c47b4-f2d9-4786-81d1-abb7e377e346	OPTIONS	/users	http://localhost:5173
20241017	12:57:45	03564add-081e-4bf4-8bd3-ca9164c81e92	GET	/notes	http://localhost:5173
20241017	12:57:45	e16d2681-5304-4fef-8a66-9b4fb5d131b0	GET	/users	http://localhost:5173
20241017	12:57:53	92eac79d-c891-4509-b29b-7678a9e7bae8	GET	/auth/refresh	http://localhost:5173
20241017	12:57:54	a9dbf313-c505-4a93-a1a7-5980b3df3878	OPTIONS	/notes	http://localhost:5173
20241017	12:57:54	4a2ac1f2-1435-4212-bb29-8c1ebeca127b	OPTIONS	/users	http://localhost:5173
20241017	12:57:54	b5bf43b0-38fd-4b2e-bcca-57d62d3b92a4	GET	/notes	http://localhost:5173
20241017	12:57:54	b663e01c-0a33-4f0e-9daa-84673c17460a	GET	/users	http://localhost:5173
20241017	12:57:55	67bed8ab-ed64-4e2a-9de6-c48ce1ce4b34	GET	/notes	http://localhost:5173
20241017	12:57:55	9235129f-4f9b-4667-bf35-eaacb2462e2e	GET	/users	http://localhost:5173
20241017	12:58:06	6daa97ff-1099-4303-839a-b3c34184561e	OPTIONS	/auth/logout	http://localhost:5173
20241017	12:58:06	bc3377e9-3ef7-4834-98f0-55348be69ccd	POST	/auth/logout	http://localhost:5173
20241017	12:58:14	c45e59b1-be58-4ccf-abe0-fe5d46a66b59	OPTIONS	/auth	http://localhost:5173
20241017	12:58:14	487ad69b-b5b1-454f-ba32-ed632da63cd2	POST	/auth	http://localhost:5173
20241017	12:58:14	c3b82f85-1414-4afc-8c21-d31a15794829	OPTIONS	/notes	http://localhost:5173
20241017	12:58:14	7c4ac65a-6f85-45ef-a12c-81c270048fe4	OPTIONS	/users	http://localhost:5173
20241017	12:58:14	8bdad7a4-2ce4-42be-9657-e9f406a4c503	GET	/notes	http://localhost:5173
20241017	12:58:14	8e8f22cf-2bec-44ee-91aa-604ae46a7de8	GET	/users	http://localhost:5173
20241017	12:58:18	49e9bda0-20a8-4471-9318-b3bcf15b4aca	GET	/notes	http://localhost:5173
20241017	12:58:23	78bd3ac0-7fa0-40b4-afe8-5dd2a5bb76fd	OPTIONS	/auth/logout	http://localhost:5173
20241017	12:58:23	404bc672-ee43-41b5-bb5c-8d4498cdc4c2	POST	/auth/logout	http://localhost:5173
20241017	12:58:30	217cf71b-4beb-4c02-9808-72438cad24b2	OPTIONS	/auth	http://localhost:5173
20241017	12:58:30	94db2fa3-ee6a-4e90-82bd-a2d74d2216f8	POST	/auth	http://localhost:5173
20241017	12:58:30	82a3d15d-3aa3-4cca-8dc8-c2c2f12bd556	OPTIONS	/notes	http://localhost:5173
20241017	12:58:30	11f78ba9-ee94-4fe4-b806-873146f84e7f	OPTIONS	/users	http://localhost:5173
20241017	12:58:30	b219722e-f985-4bcf-b0fa-f94c87c62118	GET	/notes	http://localhost:5173
20241017	12:58:30	e8f7075e-7a73-40b2-9fd7-c2a4125d3a0a	GET	/users	http://localhost:5173
20241017	12:58:32	4445c931-6abe-45e8-be9b-66a6c6ce8a12	GET	/notes	http://localhost:5173
20241017	12:58:36	6d24c6ba-1c58-4982-a37b-e6f2b625c942	OPTIONS	/auth/logout	http://localhost:5173
20241017	12:58:36	e6280df6-d921-4669-b285-8f639baddf01	POST	/auth/logout	http://localhost:5173
20241017	12:59:49	b42e7412-50c9-4624-a88b-24fea7ad5986	GET	/auth/refresh	http://localhost:5173
20241017	13:00:05	a671645e-c530-44af-b129-66560865f615	GET	/auth/refresh	http://localhost:5173
20241017	13:00:25	13c32fd9-9c7c-49ee-8614-859bf0cb64dd	GET	/auth/refresh	http://localhost:5173
20241017	15:30:40	7e1117a7-308d-4491-8a8e-a91bf2b1aa75	OPTIONS	/auth	http://localhost:5173
20241017	15:30:40	6a0ea212-59bc-4939-a649-81e0a5a6a4d1	POST	/auth	http://localhost:5173
20241017	15:30:42	60219de0-2065-43a0-8a57-391b8f447923	POST	/auth	http://localhost:5173
20241017	15:30:50	3a61bcf9-38ee-4a55-853c-7f55e4729526	OPTIONS	/auth	http://localhost:5173
20241017	15:30:50	6fdfbf5e-5132-423e-9982-6fa080d159e0	POST	/auth	http://localhost:5173
20241017	15:30:50	e754a99e-6a57-484c-ae7d-cd65944a8d71	OPTIONS	/notes	http://localhost:5173
20241017	15:30:50	0442b443-1bea-4b45-9cce-b3d7e63eda7a	OPTIONS	/users	http://localhost:5173
20241017	15:30:50	dd1aadb3-012a-4e3f-8cfe-b5e54c9e7ac4	GET	/notes	http://localhost:5173
20241017	15:30:50	79e55a4e-139c-4a2b-bf6a-3b1819d8e21c	GET	/users	http://localhost:5173
20241017	15:30:53	a5fb9718-440f-41fa-9b3f-9ccf25ee91fe	OPTIONS	/auth/logout	http://localhost:5173
20241017	15:30:53	5ab95e6e-ba31-429e-83ea-117a0ccedd7c	POST	/auth/logout	http://localhost:5173
20241017	15:31:23	44e88e56-aa2a-477f-833a-256cf085ca5b	OPTIONS	/auth	http://localhost:5173
20241017	15:31:23	68352ebd-c3e3-4770-8406-68215bfde589	POST	/auth	http://localhost:5173
20241017	15:33:16	e1f34325-4f84-411d-9408-40a8d42a7da8	OPTIONS	/auth	http://localhost:5173
20241017	15:33:16	48664011-56a3-4348-a957-8fc36f2e9e3a	POST	/auth	http://localhost:5173
20241017	15:33:17	34b322b5-ecd4-482c-a6af-b59df9f8e160	OPTIONS	/notes	http://localhost:5173
20241017	15:33:17	4f6371e3-728e-4a7a-87f3-24318f53da61	OPTIONS	/users	http://localhost:5173
20241017	15:33:17	53b8b018-5ae5-4c2b-9a73-efe3bb2bf81f	GET	/notes	http://localhost:5173
20241017	15:33:17	02cca2de-1a0b-4221-a3c4-22f1272f7ae5	GET	/users	http://localhost:5173
20241017	15:33:18	5971a2af-3ccd-4953-ad7b-a57f6e671b4f	GET	/notes	http://localhost:5173
20241017	15:33:24	a48c3f6d-0846-4b54-b92b-263e5f7bff57	OPTIONS	/notes	http://localhost:5173
20241017	15:33:24	c15423d0-84ab-453f-a8c8-95e6211fbd40	DELETE	/notes	http://localhost:5173
20241017	15:33:24	9bde3705-3829-47cc-a837-2f3b0318cf49	GET	/notes	http://localhost:5173
20241017	15:33:24	394f831d-61de-44b3-8f80-2983fc6b1963	GET	/notes	http://localhost:5173
20241017	15:33:29	0721e574-1ac8-4a09-abff-7c3b68e9e57f	OPTIONS	/auth/logout	http://localhost:5173
20241017	15:33:29	47d1e023-72f9-44bd-98d9-56723d3749c6	POST	/auth/logout	http://localhost:5173
20241017	15:43:03	d2e769db-61f7-43e2-bcbd-0b9778dbd4f6	OPTIONS	/auth	http://localhost:5173
20241017	15:43:03	345483c6-95a8-4b5f-8e77-d4c90e230e8c	POST	/auth	http://localhost:5173
